ERROR - 2025-10-21 17:57:38 --> mysqli_sql_exception: Unknown column 'available' in 'where clause' in C:\Users\Administrator\Documents\CAR-RENTAL\car-rental-ci\system\Database\MySQLi\Connection.php:306
Stack trace:
#0 C:\Users\Administrator\Documents\CAR-RENTAL\car-rental-ci\system\Database\MySQLi\Connection.php(306): mysqli->query('SELECT *\nFROM `...', 0)
#1 C:\Users\Administrator\Documents\CAR-RENTAL\car-rental-ci\system\Database\BaseConnection.php(693): CodeIgniter\Database\MySQLi\Connection->execute('SELECT *\nFROM `...')
#2 C:\Users\Administrator\Documents\CAR-RENTAL\car-rental-ci\system\Database\BaseConnection.php(607): CodeIgniter\Database\BaseConnection->simpleQuery('SELECT *\nFROM `...')
#3 C:\Users\Administrator\Documents\CAR-RENTAL\car-rental-ci\system\Database\BaseBuilder.php(1616): CodeIgniter\Database\BaseConnection->query('SELECT *\nFROM `...', Array, false)
#4 C:\Users\Administrator\Documents\CAR-RENTAL\car-rental-ci\system\Model.php(242): CodeIgniter\Database\BaseBuilder->get()
#5 C:\Users\Administrator\Documents\CAR-RENTAL\car-rental-ci\system\BaseModel.php(638): CodeIgniter\Model->doFindAll(0, 0)
#6 C:\Users\Administrator\Documents\CAR-RENTAL\car-rental-ci\app\Models\CarModel.php(46): CodeIgniter\BaseModel->findAll()
#7 C:\Users\Administrator\Documents\CAR-RENTAL\car-rental-ci\app\Controllers\Home.php(13): App\Models\CarModel->getAvailableCars()
#8 C:\Users\Administrator\Documents\CAR-RENTAL\car-rental-ci\system\CodeIgniter.php(941): App\Controllers\Home->index()
#9 C:\Users\Administrator\Documents\CAR-RENTAL\car-rental-ci\system\CodeIgniter.php(502): CodeIgniter\CodeIgniter->runController(Object(App\Controllers\Home))
#10 C:\Users\Administrator\Documents\CAR-RENTAL\car-rental-ci\system\CodeIgniter.php(361): CodeIgniter\CodeIgniter->handleRequest(NULL, Object(Config\Cache), false)
#11 C:\Users\Administrator\Documents\CAR-RENTAL\car-rental-ci\public\index.php(79): CodeIgniter\CodeIgniter->run()
#12 C:\Users\Administrator\Documents\CAR-RENTAL\car-rental-ci\system\Commands\Server\rewrite.php(47): require_once('C:\\Users\\Admini...')
#13 {main}
CRITICAL - 2025-10-21 17:57:38 --> CodeIgniter\Database\Exceptions\DatabaseException: Unknown column 'available' in 'where clause'
in SYSTEMPATH\Database\BaseConnection.php on line 647.
 1 SYSTEMPATH\Database\BaseBuilder.php(1616): CodeIgniter\Database\BaseConnection->query('SELECT *
FROM `cars`
WHERE `available` = :available:
ORDER BY `created_at` DESC', [...], false)
 2 SYSTEMPATH\Model.php(242): CodeIgniter\Database\BaseBuilder->get()
 3 SYSTEMPATH\BaseModel.php(638): CodeIgniter\Model->doFindAll(0, 0)
 4 APPPATH\Models\CarModel.php(46): CodeIgniter\BaseModel->findAll()
 5 APPPATH\Controllers\Home.php(13): App\Models\CarModel->getAvailableCars()
 6 SYSTEMPATH\CodeIgniter.php(941): App\Controllers\Home->index()
 7 SYSTEMPATH\CodeIgniter.php(502): CodeIgniter\CodeIgniter->runController(Object(App\Controllers\Home))
 8 SYSTEMPATH\CodeIgniter.php(361): CodeIgniter\CodeIgniter->handleRequest(null, Object(Config\Cache), false)
 9 FCPATH\index.php(79): CodeIgniter\CodeIgniter->run()
10 SYSTEMPATH\Commands\Server\rewrite.php(47): require_once('C:\\Users\\Administrator\\Documents\\CAR-RENTAL\\car-rental-ci\\public\\index.php')
CRITICAL - 2025-10-21 17:57:38 --> [Caused by] CodeIgniter\Database\Exceptions\DatabaseException: Unknown column 'available' in 'where clause'
in SYSTEMPATH\Database\MySQLi\Connection.php on line 311.
 1 SYSTEMPATH\Database\BaseConnection.php(693): CodeIgniter\Database\MySQLi\Connection->execute('SELECT *
FROM `cars`
WHERE `available` = 1
ORDER BY `created_at` DESC')
 2 SYSTEMPATH\Database\BaseConnection.php(607): CodeIgniter\Database\BaseConnection->simpleQuery('SELECT *
FROM `cars`
WHERE `available` = 1
ORDER BY `created_at` DESC')
 3 SYSTEMPATH\Database\BaseBuilder.php(1616): CodeIgniter\Database\BaseConnection->query('SELECT *
FROM `cars`
WHERE `available` = :available:
ORDER BY `created_at` DESC', [...], false)
 4 SYSTEMPATH\Model.php(242): CodeIgniter\Database\BaseBuilder->get()
 5 SYSTEMPATH\BaseModel.php(638): CodeIgniter\Model->doFindAll(0, 0)
 6 APPPATH\Models\CarModel.php(46): CodeIgniter\BaseModel->findAll()
 7 APPPATH\Controllers\Home.php(13): App\Models\CarModel->getAvailableCars()
 8 SYSTEMPATH\CodeIgniter.php(941): App\Controllers\Home->index()
 9 SYSTEMPATH\CodeIgniter.php(502): CodeIgniter\CodeIgniter->runController(Object(App\Controllers\Home))
10 SYSTEMPATH\CodeIgniter.php(361): CodeIgniter\CodeIgniter->handleRequest(null, Object(Config\Cache), false)
11 FCPATH\index.php(79): CodeIgniter\CodeIgniter->run()
12 SYSTEMPATH\Commands\Server\rewrite.php(47): require_once('C:\\Users\\Administrator\\Documents\\CAR-RENTAL\\car-rental-ci\\public\\index.php')
CRITICAL - 2025-10-21 17:57:38 --> [Caused by] mysqli_sql_exception: Unknown column 'available' in 'where clause'
in SYSTEMPATH\Database\MySQLi\Connection.php on line 306.
 1 SYSTEMPATH\Database\MySQLi\Connection.php(306): mysqli->query('SELECT *
FROM `cars`
WHERE `available` = 1
ORDER BY `created_at` DESC', 0)
 2 SYSTEMPATH\Database\BaseConnection.php(693): CodeIgniter\Database\MySQLi\Connection->execute('SELECT *
FROM `cars`
WHERE `available` = 1
ORDER BY `created_at` DESC')
 3 SYSTEMPATH\Database\BaseConnection.php(607): CodeIgniter\Database\BaseConnection->simpleQuery('SELECT *
FROM `cars`
WHERE `available` = 1
ORDER BY `created_at` DESC')
 4 SYSTEMPATH\Database\BaseBuilder.php(1616): CodeIgniter\Database\BaseConnection->query('SELECT *
FROM `cars`
WHERE `available` = :available:
ORDER BY `created_at` DESC', [...], false)
 5 SYSTEMPATH\Model.php(242): CodeIgniter\Database\BaseBuilder->get()
 6 SYSTEMPATH\BaseModel.php(638): CodeIgniter\Model->doFindAll(0, 0)
 7 APPPATH\Models\CarModel.php(46): CodeIgniter\BaseModel->findAll()
 8 APPPATH\Controllers\Home.php(13): App\Models\CarModel->getAvailableCars()
 9 SYSTEMPATH\CodeIgniter.php(941): App\Controllers\Home->index()
10 SYSTEMPATH\CodeIgniter.php(502): CodeIgniter\CodeIgniter->runController(Object(App\Controllers\Home))
11 SYSTEMPATH\CodeIgniter.php(361): CodeIgniter\CodeIgniter->handleRequest(null, Object(Config\Cache), false)
12 FCPATH\index.php(79): CodeIgniter\CodeIgniter->run()
13 SYSTEMPATH\Commands\Server\rewrite.php(47): require_once('C:\\Users\\Administrator\\Documents\\CAR-RENTAL\\car-rental-ci\\public\\index.php')
ERROR - 2025-10-21 17:58:27 --> mysqli_sql_exception: Unknown column 'available' in 'where clause' in C:\Users\Administrator\Documents\CAR-RENTAL\car-rental-ci\system\Database\MySQLi\Connection.php:306
Stack trace:
#0 C:\Users\Administrator\Documents\CAR-RENTAL\car-rental-ci\system\Database\MySQLi\Connection.php(306): mysqli->query('SELECT *\nFROM `...', 0)
#1 C:\Users\Administrator\Documents\CAR-RENTAL\car-rental-ci\system\Database\BaseConnection.php(693): CodeIgniter\Database\MySQLi\Connection->execute('SELECT *\nFROM `...')
#2 C:\Users\Administrator\Documents\CAR-RENTAL\car-rental-ci\system\Database\BaseConnection.php(607): CodeIgniter\Database\BaseConnection->simpleQuery('SELECT *\nFROM `...')
#3 C:\Users\Administrator\Documents\CAR-RENTAL\car-rental-ci\system\Database\BaseBuilder.php(1616): CodeIgniter\Database\BaseConnection->query('SELECT *\nFROM `...', Array, false)
#4 C:\Users\Administrator\Documents\CAR-RENTAL\car-rental-ci\system\Model.php(242): CodeIgniter\Database\BaseBuilder->get()
#5 C:\Users\Administrator\Documents\CAR-RENTAL\car-rental-ci\system\BaseModel.php(638): CodeIgniter\Model->doFindAll(0, 0)
#6 C:\Users\Administrator\Documents\CAR-RENTAL\car-rental-ci\app\Models\CarModel.php(46): CodeIgniter\BaseModel->findAll()
#7 C:\Users\Administrator\Documents\CAR-RENTAL\car-rental-ci\app\Controllers\Home.php(13): App\Models\CarModel->getAvailableCars()
#8 C:\Users\Administrator\Documents\CAR-RENTAL\car-rental-ci\system\CodeIgniter.php(941): App\Controllers\Home->index()
#9 C:\Users\Administrator\Documents\CAR-RENTAL\car-rental-ci\system\CodeIgniter.php(502): CodeIgniter\CodeIgniter->runController(Object(App\Controllers\Home))
#10 C:\Users\Administrator\Documents\CAR-RENTAL\car-rental-ci\system\CodeIgniter.php(361): CodeIgniter\CodeIgniter->handleRequest(NULL, Object(Config\Cache), false)
#11 C:\Users\Administrator\Documents\CAR-RENTAL\car-rental-ci\public\index.php(79): CodeIgniter\CodeIgniter->run()
#12 C:\Users\Administrator\Documents\CAR-RENTAL\car-rental-ci\system\Commands\Server\rewrite.php(47): require_once('C:\\Users\\Admini...')
#13 {main}
CRITICAL - 2025-10-21 17:58:27 --> CodeIgniter\Database\Exceptions\DatabaseException: Unknown column 'available' in 'where clause'
in SYSTEMPATH\Database\BaseConnection.php on line 647.
 1 SYSTEMPATH\Database\BaseBuilder.php(1616): CodeIgniter\Database\BaseConnection->query('SELECT *
FROM `cars`
WHERE `available` = :available:
ORDER BY `created_at` DESC', [...], false)
 2 SYSTEMPATH\Model.php(242): CodeIgniter\Database\BaseBuilder->get()
 3 SYSTEMPATH\BaseModel.php(638): CodeIgniter\Model->doFindAll(0, 0)
 4 APPPATH\Models\CarModel.php(46): CodeIgniter\BaseModel->findAll()
 5 APPPATH\Controllers\Home.php(13): App\Models\CarModel->getAvailableCars()
 6 SYSTEMPATH\CodeIgniter.php(941): App\Controllers\Home->index()
 7 SYSTEMPATH\CodeIgniter.php(502): CodeIgniter\CodeIgniter->runController(Object(App\Controllers\Home))
 8 SYSTEMPATH\CodeIgniter.php(361): CodeIgniter\CodeIgniter->handleRequest(null, Object(Config\Cache), false)
 9 FCPATH\index.php(79): CodeIgniter\CodeIgniter->run()
10 SYSTEMPATH\Commands\Server\rewrite.php(47): require_once('C:\\Users\\Administrator\\Documents\\CAR-RENTAL\\car-rental-ci\\public\\index.php')
CRITICAL - 2025-10-21 17:58:27 --> [Caused by] CodeIgniter\Database\Exceptions\DatabaseException: Unknown column 'available' in 'where clause'
in SYSTEMPATH\Database\MySQLi\Connection.php on line 311.
 1 SYSTEMPATH\Database\BaseConnection.php(693): CodeIgniter\Database\MySQLi\Connection->execute('SELECT *
FROM `cars`
WHERE `available` = 1
ORDER BY `created_at` DESC')
 2 SYSTEMPATH\Database\BaseConnection.php(607): CodeIgniter\Database\BaseConnection->simpleQuery('SELECT *
FROM `cars`
WHERE `available` = 1
ORDER BY `created_at` DESC')
 3 SYSTEMPATH\Database\BaseBuilder.php(1616): CodeIgniter\Database\BaseConnection->query('SELECT *
FROM `cars`
WHERE `available` = :available:
ORDER BY `created_at` DESC', [...], false)
 4 SYSTEMPATH\Model.php(242): CodeIgniter\Database\BaseBuilder->get()
 5 SYSTEMPATH\BaseModel.php(638): CodeIgniter\Model->doFindAll(0, 0)
 6 APPPATH\Models\CarModel.php(46): CodeIgniter\BaseModel->findAll()
 7 APPPATH\Controllers\Home.php(13): App\Models\CarModel->getAvailableCars()
 8 SYSTEMPATH\CodeIgniter.php(941): App\Controllers\Home->index()
 9 SYSTEMPATH\CodeIgniter.php(502): CodeIgniter\CodeIgniter->runController(Object(App\Controllers\Home))
10 SYSTEMPATH\CodeIgniter.php(361): CodeIgniter\CodeIgniter->handleRequest(null, Object(Config\Cache), false)
11 FCPATH\index.php(79): CodeIgniter\CodeIgniter->run()
12 SYSTEMPATH\Commands\Server\rewrite.php(47): require_once('C:\\Users\\Administrator\\Documents\\CAR-RENTAL\\car-rental-ci\\public\\index.php')
CRITICAL - 2025-10-21 17:58:27 --> [Caused by] mysqli_sql_exception: Unknown column 'available' in 'where clause'
in SYSTEMPATH\Database\MySQLi\Connection.php on line 306.
 1 SYSTEMPATH\Database\MySQLi\Connection.php(306): mysqli->query('SELECT *
FROM `cars`
WHERE `available` = 1
ORDER BY `created_at` DESC', 0)
 2 SYSTEMPATH\Database\BaseConnection.php(693): CodeIgniter\Database\MySQLi\Connection->execute('SELECT *
FROM `cars`
WHERE `available` = 1
ORDER BY `created_at` DESC')
 3 SYSTEMPATH\Database\BaseConnection.php(607): CodeIgniter\Database\BaseConnection->simpleQuery('SELECT *
FROM `cars`
WHERE `available` = 1
ORDER BY `created_at` DESC')
 4 SYSTEMPATH\Database\BaseBuilder.php(1616): CodeIgniter\Database\BaseConnection->query('SELECT *
FROM `cars`
WHERE `available` = :available:
ORDER BY `created_at` DESC', [...], false)
 5 SYSTEMPATH\Model.php(242): CodeIgniter\Database\BaseBuilder->get()
 6 SYSTEMPATH\BaseModel.php(638): CodeIgniter\Model->doFindAll(0, 0)
 7 APPPATH\Models\CarModel.php(46): CodeIgniter\BaseModel->findAll()
 8 APPPATH\Controllers\Home.php(13): App\Models\CarModel->getAvailableCars()
 9 SYSTEMPATH\CodeIgniter.php(941): App\Controllers\Home->index()
10 SYSTEMPATH\CodeIgniter.php(502): CodeIgniter\CodeIgniter->runController(Object(App\Controllers\Home))
11 SYSTEMPATH\CodeIgniter.php(361): CodeIgniter\CodeIgniter->handleRequest(null, Object(Config\Cache), false)
12 FCPATH\index.php(79): CodeIgniter\CodeIgniter->run()
13 SYSTEMPATH\Commands\Server\rewrite.php(47): require_once('C:\\Users\\Administrator\\Documents\\CAR-RENTAL\\car-rental-ci\\public\\index.php')
ERROR - 2025-10-21 17:59:41 --> mysqli_sql_exception: Unknown column 'available' in 'where clause' in C:\Users\Administrator\Documents\CAR-RENTAL\car-rental-ci\system\Database\MySQLi\Connection.php:306
Stack trace:
#0 C:\Users\Administrator\Documents\CAR-RENTAL\car-rental-ci\system\Database\MySQLi\Connection.php(306): mysqli->query('SELECT *\nFROM `...', 0)
#1 C:\Users\Administrator\Documents\CAR-RENTAL\car-rental-ci\system\Database\BaseConnection.php(693): CodeIgniter\Database\MySQLi\Connection->execute('SELECT *\nFROM `...')
#2 C:\Users\Administrator\Documents\CAR-RENTAL\car-rental-ci\system\Database\BaseConnection.php(607): CodeIgniter\Database\BaseConnection->simpleQuery('SELECT *\nFROM `...')
#3 C:\Users\Administrator\Documents\CAR-RENTAL\car-rental-ci\system\Database\BaseBuilder.php(1616): CodeIgniter\Database\BaseConnection->query('SELECT *\nFROM `...', Array, false)
#4 C:\Users\Administrator\Documents\CAR-RENTAL\car-rental-ci\system\Model.php(242): CodeIgniter\Database\BaseBuilder->get()
#5 C:\Users\Administrator\Documents\CAR-RENTAL\car-rental-ci\system\BaseModel.php(638): CodeIgniter\Model->doFindAll(0, 0)
#6 C:\Users\Administrator\Documents\CAR-RENTAL\car-rental-ci\app\Models\CarModel.php(46): CodeIgniter\BaseModel->findAll()
#7 C:\Users\Administrator\Documents\CAR-RENTAL\car-rental-ci\app\Controllers\Home.php(13): App\Models\CarModel->getAvailableCars()
#8 C:\Users\Administrator\Documents\CAR-RENTAL\car-rental-ci\system\CodeIgniter.php(941): App\Controllers\Home->index()
#9 C:\Users\Administrator\Documents\CAR-RENTAL\car-rental-ci\system\CodeIgniter.php(502): CodeIgniter\CodeIgniter->runController(Object(App\Controllers\Home))
#10 C:\Users\Administrator\Documents\CAR-RENTAL\car-rental-ci\system\CodeIgniter.php(361): CodeIgniter\CodeIgniter->handleRequest(NULL, Object(Config\Cache), false)
#11 C:\Users\Administrator\Documents\CAR-RENTAL\car-rental-ci\public\index.php(79): CodeIgniter\CodeIgniter->run()
#12 C:\Users\Administrator\Documents\CAR-RENTAL\car-rental-ci\system\Commands\Server\rewrite.php(47): require_once('C:\\Users\\Admini...')
#13 {main}
CRITICAL - 2025-10-21 17:59:41 --> CodeIgniter\Database\Exceptions\DatabaseException: Unknown column 'available' in 'where clause'
in SYSTEMPATH\Database\BaseConnection.php on line 647.
 1 SYSTEMPATH\Database\BaseBuilder.php(1616): CodeIgniter\Database\BaseConnection->query('SELECT *
FROM `cars`
WHERE `available` = :available:
ORDER BY `created_at` DESC', [...], false)
 2 SYSTEMPATH\Model.php(242): CodeIgniter\Database\BaseBuilder->get()
 3 SYSTEMPATH\BaseModel.php(638): CodeIgniter\Model->doFindAll(0, 0)
 4 APPPATH\Models\CarModel.php(46): CodeIgniter\BaseModel->findAll()
 5 APPPATH\Controllers\Home.php(13): App\Models\CarModel->getAvailableCars()
 6 SYSTEMPATH\CodeIgniter.php(941): App\Controllers\Home->index()
 7 SYSTEMPATH\CodeIgniter.php(502): CodeIgniter\CodeIgniter->runController(Object(App\Controllers\Home))
 8 SYSTEMPATH\CodeIgniter.php(361): CodeIgniter\CodeIgniter->handleRequest(null, Object(Config\Cache), false)
 9 FCPATH\index.php(79): CodeIgniter\CodeIgniter->run()
10 SYSTEMPATH\Commands\Server\rewrite.php(47): require_once('C:\\Users\\Administrator\\Documents\\CAR-RENTAL\\car-rental-ci\\public\\index.php')
CRITICAL - 2025-10-21 17:59:41 --> [Caused by] CodeIgniter\Database\Exceptions\DatabaseException: Unknown column 'available' in 'where clause'
in SYSTEMPATH\Database\MySQLi\Connection.php on line 311.
 1 SYSTEMPATH\Database\BaseConnection.php(693): CodeIgniter\Database\MySQLi\Connection->execute('SELECT *
FROM `cars`
WHERE `available` = 1
ORDER BY `created_at` DESC')
 2 SYSTEMPATH\Database\BaseConnection.php(607): CodeIgniter\Database\BaseConnection->simpleQuery('SELECT *
FROM `cars`
WHERE `available` = 1
ORDER BY `created_at` DESC')
 3 SYSTEMPATH\Database\BaseBuilder.php(1616): CodeIgniter\Database\BaseConnection->query('SELECT *
FROM `cars`
WHERE `available` = :available:
ORDER BY `created_at` DESC', [...], false)
 4 SYSTEMPATH\Model.php(242): CodeIgniter\Database\BaseBuilder->get()
 5 SYSTEMPATH\BaseModel.php(638): CodeIgniter\Model->doFindAll(0, 0)
 6 APPPATH\Models\CarModel.php(46): CodeIgniter\BaseModel->findAll()
 7 APPPATH\Controllers\Home.php(13): App\Models\CarModel->getAvailableCars()
 8 SYSTEMPATH\CodeIgniter.php(941): App\Controllers\Home->index()
 9 SYSTEMPATH\CodeIgniter.php(502): CodeIgniter\CodeIgniter->runController(Object(App\Controllers\Home))
10 SYSTEMPATH\CodeIgniter.php(361): CodeIgniter\CodeIgniter->handleRequest(null, Object(Config\Cache), false)
11 FCPATH\index.php(79): CodeIgniter\CodeIgniter->run()
12 SYSTEMPATH\Commands\Server\rewrite.php(47): require_once('C:\\Users\\Administrator\\Documents\\CAR-RENTAL\\car-rental-ci\\public\\index.php')
CRITICAL - 2025-10-21 17:59:41 --> [Caused by] mysqli_sql_exception: Unknown column 'available' in 'where clause'
in SYSTEMPATH\Database\MySQLi\Connection.php on line 306.
 1 SYSTEMPATH\Database\MySQLi\Connection.php(306): mysqli->query('SELECT *
FROM `cars`
WHERE `available` = 1
ORDER BY `created_at` DESC', 0)
 2 SYSTEMPATH\Database\BaseConnection.php(693): CodeIgniter\Database\MySQLi\Connection->execute('SELECT *
FROM `cars`
WHERE `available` = 1
ORDER BY `created_at` DESC')
 3 SYSTEMPATH\Database\BaseConnection.php(607): CodeIgniter\Database\BaseConnection->simpleQuery('SELECT *
FROM `cars`
WHERE `available` = 1
ORDER BY `created_at` DESC')
 4 SYSTEMPATH\Database\BaseBuilder.php(1616): CodeIgniter\Database\BaseConnection->query('SELECT *
FROM `cars`
WHERE `available` = :available:
ORDER BY `created_at` DESC', [...], false)
 5 SYSTEMPATH\Model.php(242): CodeIgniter\Database\BaseBuilder->get()
 6 SYSTEMPATH\BaseModel.php(638): CodeIgniter\Model->doFindAll(0, 0)
 7 APPPATH\Models\CarModel.php(46): CodeIgniter\BaseModel->findAll()
 8 APPPATH\Controllers\Home.php(13): App\Models\CarModel->getAvailableCars()
 9 SYSTEMPATH\CodeIgniter.php(941): App\Controllers\Home->index()
10 SYSTEMPATH\CodeIgniter.php(502): CodeIgniter\CodeIgniter->runController(Object(App\Controllers\Home))
11 SYSTEMPATH\CodeIgniter.php(361): CodeIgniter\CodeIgniter->handleRequest(null, Object(Config\Cache), false)
12 FCPATH\index.php(79): CodeIgniter\CodeIgniter->run()
13 SYSTEMPATH\Commands\Server\rewrite.php(47): require_once('C:\\Users\\Administrator\\Documents\\CAR-RENTAL\\car-rental-ci\\public\\index.php')
ERROR - 2025-10-21 17:59:47 --> mysqli_sql_exception: Unknown column 'available' in 'where clause' in C:\Users\Administrator\Documents\CAR-RENTAL\car-rental-ci\system\Database\MySQLi\Connection.php:306
Stack trace:
#0 C:\Users\Administrator\Documents\CAR-RENTAL\car-rental-ci\system\Database\MySQLi\Connection.php(306): mysqli->query('SELECT *\nFROM `...', 0)
#1 C:\Users\Administrator\Documents\CAR-RENTAL\car-rental-ci\system\Database\BaseConnection.php(693): CodeIgniter\Database\MySQLi\Connection->execute('SELECT *\nFROM `...')
#2 C:\Users\Administrator\Documents\CAR-RENTAL\car-rental-ci\system\Database\BaseConnection.php(607): CodeIgniter\Database\BaseConnection->simpleQuery('SELECT *\nFROM `...')
#3 C:\Users\Administrator\Documents\CAR-RENTAL\car-rental-ci\system\Database\BaseBuilder.php(1616): CodeIgniter\Database\BaseConnection->query('SELECT *\nFROM `...', Array, false)
#4 C:\Users\Administrator\Documents\CAR-RENTAL\car-rental-ci\system\Model.php(242): CodeIgniter\Database\BaseBuilder->get()
#5 C:\Users\Administrator\Documents\CAR-RENTAL\car-rental-ci\system\BaseModel.php(638): CodeIgniter\Model->doFindAll(0, 0)
#6 C:\Users\Administrator\Documents\CAR-RENTAL\car-rental-ci\app\Models\CarModel.php(46): CodeIgniter\BaseModel->findAll()
#7 C:\Users\Administrator\Documents\CAR-RENTAL\car-rental-ci\app\Controllers\Home.php(13): App\Models\CarModel->getAvailableCars()
#8 C:\Users\Administrator\Documents\CAR-RENTAL\car-rental-ci\system\CodeIgniter.php(941): App\Controllers\Home->index()
#9 C:\Users\Administrator\Documents\CAR-RENTAL\car-rental-ci\system\CodeIgniter.php(502): CodeIgniter\CodeIgniter->runController(Object(App\Controllers\Home))
#10 C:\Users\Administrator\Documents\CAR-RENTAL\car-rental-ci\system\CodeIgniter.php(361): CodeIgniter\CodeIgniter->handleRequest(NULL, Object(Config\Cache), false)
#11 C:\Users\Administrator\Documents\CAR-RENTAL\car-rental-ci\public\index.php(79): CodeIgniter\CodeIgniter->run()
#12 C:\Users\Administrator\Documents\CAR-RENTAL\car-rental-ci\system\Commands\Server\rewrite.php(47): require_once('C:\\Users\\Admini...')
#13 {main}
CRITICAL - 2025-10-21 17:59:47 --> CodeIgniter\Database\Exceptions\DatabaseException: Unknown column 'available' in 'where clause'
in SYSTEMPATH\Database\BaseConnection.php on line 647.
 1 SYSTEMPATH\Database\BaseBuilder.php(1616): CodeIgniter\Database\BaseConnection->query('SELECT *
FROM `cars`
WHERE `available` = :available:
ORDER BY `created_at` DESC', [...], false)
 2 SYSTEMPATH\Model.php(242): CodeIgniter\Database\BaseBuilder->get()
 3 SYSTEMPATH\BaseModel.php(638): CodeIgniter\Model->doFindAll(0, 0)
 4 APPPATH\Models\CarModel.php(46): CodeIgniter\BaseModel->findAll()
 5 APPPATH\Controllers\Home.php(13): App\Models\CarModel->getAvailableCars()
 6 SYSTEMPATH\CodeIgniter.php(941): App\Controllers\Home->index()
 7 SYSTEMPATH\CodeIgniter.php(502): CodeIgniter\CodeIgniter->runController(Object(App\Controllers\Home))
 8 SYSTEMPATH\CodeIgniter.php(361): CodeIgniter\CodeIgniter->handleRequest(null, Object(Config\Cache), false)
 9 FCPATH\index.php(79): CodeIgniter\CodeIgniter->run()
10 SYSTEMPATH\Commands\Server\rewrite.php(47): require_once('C:\\Users\\Administrator\\Documents\\CAR-RENTAL\\car-rental-ci\\public\\index.php')
CRITICAL - 2025-10-21 17:59:47 --> [Caused by] CodeIgniter\Database\Exceptions\DatabaseException: Unknown column 'available' in 'where clause'
in SYSTEMPATH\Database\MySQLi\Connection.php on line 311.
 1 SYSTEMPATH\Database\BaseConnection.php(693): CodeIgniter\Database\MySQLi\Connection->execute('SELECT *
FROM `cars`
WHERE `available` = 1
ORDER BY `created_at` DESC')
 2 SYSTEMPATH\Database\BaseConnection.php(607): CodeIgniter\Database\BaseConnection->simpleQuery('SELECT *
FROM `cars`
WHERE `available` = 1
ORDER BY `created_at` DESC')
 3 SYSTEMPATH\Database\BaseBuilder.php(1616): CodeIgniter\Database\BaseConnection->query('SELECT *
FROM `cars`
WHERE `available` = :available:
ORDER BY `created_at` DESC', [...], false)
 4 SYSTEMPATH\Model.php(242): CodeIgniter\Database\BaseBuilder->get()
 5 SYSTEMPATH\BaseModel.php(638): CodeIgniter\Model->doFindAll(0, 0)
 6 APPPATH\Models\CarModel.php(46): CodeIgniter\BaseModel->findAll()
 7 APPPATH\Controllers\Home.php(13): App\Models\CarModel->getAvailableCars()
 8 SYSTEMPATH\CodeIgniter.php(941): App\Controllers\Home->index()
 9 SYSTEMPATH\CodeIgniter.php(502): CodeIgniter\CodeIgniter->runController(Object(App\Controllers\Home))
10 SYSTEMPATH\CodeIgniter.php(361): CodeIgniter\CodeIgniter->handleRequest(null, Object(Config\Cache), false)
11 FCPATH\index.php(79): CodeIgniter\CodeIgniter->run()
12 SYSTEMPATH\Commands\Server\rewrite.php(47): require_once('C:\\Users\\Administrator\\Documents\\CAR-RENTAL\\car-rental-ci\\public\\index.php')
CRITICAL - 2025-10-21 17:59:47 --> [Caused by] mysqli_sql_exception: Unknown column 'available' in 'where clause'
in SYSTEMPATH\Database\MySQLi\Connection.php on line 306.
 1 SYSTEMPATH\Database\MySQLi\Connection.php(306): mysqli->query('SELECT *
FROM `cars`
WHERE `available` = 1
ORDER BY `created_at` DESC', 0)
 2 SYSTEMPATH\Database\BaseConnection.php(693): CodeIgniter\Database\MySQLi\Connection->execute('SELECT *
FROM `cars`
WHERE `available` = 1
ORDER BY `created_at` DESC')
 3 SYSTEMPATH\Database\BaseConnection.php(607): CodeIgniter\Database\BaseConnection->simpleQuery('SELECT *
FROM `cars`
WHERE `available` = 1
ORDER BY `created_at` DESC')
 4 SYSTEMPATH\Database\BaseBuilder.php(1616): CodeIgniter\Database\BaseConnection->query('SELECT *
FROM `cars`
WHERE `available` = :available:
ORDER BY `created_at` DESC', [...], false)
 5 SYSTEMPATH\Model.php(242): CodeIgniter\Database\BaseBuilder->get()
 6 SYSTEMPATH\BaseModel.php(638): CodeIgniter\Model->doFindAll(0, 0)
 7 APPPATH\Models\CarModel.php(46): CodeIgniter\BaseModel->findAll()
 8 APPPATH\Controllers\Home.php(13): App\Models\CarModel->getAvailableCars()
 9 SYSTEMPATH\CodeIgniter.php(941): App\Controllers\Home->index()
10 SYSTEMPATH\CodeIgniter.php(502): CodeIgniter\CodeIgniter->runController(Object(App\Controllers\Home))
11 SYSTEMPATH\CodeIgniter.php(361): CodeIgniter\CodeIgniter->handleRequest(null, Object(Config\Cache), false)
12 FCPATH\index.php(79): CodeIgniter\CodeIgniter->run()
13 SYSTEMPATH\Commands\Server\rewrite.php(47): require_once('C:\\Users\\Administrator\\Documents\\CAR-RENTAL\\car-rental-ci\\public\\index.php')
ERROR - 2025-10-21 18:00:09 --> mysqli_sql_exception: Unknown column 'available' in 'where clause' in C:\Users\Administrator\Documents\CAR-RENTAL\car-rental-ci\system\Database\MySQLi\Connection.php:306
Stack trace:
#0 C:\Users\Administrator\Documents\CAR-RENTAL\car-rental-ci\system\Database\MySQLi\Connection.php(306): mysqli->query('SELECT *\nFROM `...', 0)
#1 C:\Users\Administrator\Documents\CAR-RENTAL\car-rental-ci\system\Database\BaseConnection.php(693): CodeIgniter\Database\MySQLi\Connection->execute('SELECT *\nFROM `...')
#2 C:\Users\Administrator\Documents\CAR-RENTAL\car-rental-ci\system\Database\BaseConnection.php(607): CodeIgniter\Database\BaseConnection->simpleQuery('SELECT *\nFROM `...')
#3 C:\Users\Administrator\Documents\CAR-RENTAL\car-rental-ci\system\Database\BaseBuilder.php(1616): CodeIgniter\Database\BaseConnection->query('SELECT *\nFROM `...', Array, false)
#4 C:\Users\Administrator\Documents\CAR-RENTAL\car-rental-ci\system\Model.php(242): CodeIgniter\Database\BaseBuilder->get()
#5 C:\Users\Administrator\Documents\CAR-RENTAL\car-rental-ci\system\BaseModel.php(638): CodeIgniter\Model->doFindAll(0, 0)
#6 C:\Users\Administrator\Documents\CAR-RENTAL\car-rental-ci\app\Models\CarModel.php(46): CodeIgniter\BaseModel->findAll()
#7 C:\Users\Administrator\Documents\CAR-RENTAL\car-rental-ci\app\Controllers\Home.php(13): App\Models\CarModel->getAvailableCars()
#8 C:\Users\Administrator\Documents\CAR-RENTAL\car-rental-ci\system\CodeIgniter.php(941): App\Controllers\Home->index()
#9 C:\Users\Administrator\Documents\CAR-RENTAL\car-rental-ci\system\CodeIgniter.php(502): CodeIgniter\CodeIgniter->runController(Object(App\Controllers\Home))
#10 C:\Users\Administrator\Documents\CAR-RENTAL\car-rental-ci\system\CodeIgniter.php(361): CodeIgniter\CodeIgniter->handleRequest(NULL, Object(Config\Cache), false)
#11 C:\Users\Administrator\Documents\CAR-RENTAL\car-rental-ci\public\index.php(79): CodeIgniter\CodeIgniter->run()
#12 C:\Users\Administrator\Documents\CAR-RENTAL\car-rental-ci\system\Commands\Server\rewrite.php(47): require_once('C:\\Users\\Admini...')
#13 {main}
CRITICAL - 2025-10-21 18:00:09 --> CodeIgniter\Database\Exceptions\DatabaseException: Unknown column 'available' in 'where clause'
in SYSTEMPATH\Database\BaseConnection.php on line 647.
 1 SYSTEMPATH\Database\BaseBuilder.php(1616): CodeIgniter\Database\BaseConnection->query('SELECT *
FROM `cars`
WHERE `available` = :available:
ORDER BY `created_at` DESC', [...], false)
 2 SYSTEMPATH\Model.php(242): CodeIgniter\Database\BaseBuilder->get()
 3 SYSTEMPATH\BaseModel.php(638): CodeIgniter\Model->doFindAll(0, 0)
 4 APPPATH\Models\CarModel.php(46): CodeIgniter\BaseModel->findAll()
 5 APPPATH\Controllers\Home.php(13): App\Models\CarModel->getAvailableCars()
 6 SYSTEMPATH\CodeIgniter.php(941): App\Controllers\Home->index()
 7 SYSTEMPATH\CodeIgniter.php(502): CodeIgniter\CodeIgniter->runController(Object(App\Controllers\Home))
 8 SYSTEMPATH\CodeIgniter.php(361): CodeIgniter\CodeIgniter->handleRequest(null, Object(Config\Cache), false)
 9 FCPATH\index.php(79): CodeIgniter\CodeIgniter->run()
10 SYSTEMPATH\Commands\Server\rewrite.php(47): require_once('C:\\Users\\Administrator\\Documents\\CAR-RENTAL\\car-rental-ci\\public\\index.php')
CRITICAL - 2025-10-21 18:00:09 --> [Caused by] CodeIgniter\Database\Exceptions\DatabaseException: Unknown column 'available' in 'where clause'
in SYSTEMPATH\Database\MySQLi\Connection.php on line 311.
 1 SYSTEMPATH\Database\BaseConnection.php(693): CodeIgniter\Database\MySQLi\Connection->execute('SELECT *
FROM `cars`
WHERE `available` = 1
ORDER BY `created_at` DESC')
 2 SYSTEMPATH\Database\BaseConnection.php(607): CodeIgniter\Database\BaseConnection->simpleQuery('SELECT *
FROM `cars`
WHERE `available` = 1
ORDER BY `created_at` DESC')
 3 SYSTEMPATH\Database\BaseBuilder.php(1616): CodeIgniter\Database\BaseConnection->query('SELECT *
FROM `cars`
WHERE `available` = :available:
ORDER BY `created_at` DESC', [...], false)
 4 SYSTEMPATH\Model.php(242): CodeIgniter\Database\BaseBuilder->get()
 5 SYSTEMPATH\BaseModel.php(638): CodeIgniter\Model->doFindAll(0, 0)
 6 APPPATH\Models\CarModel.php(46): CodeIgniter\BaseModel->findAll()
 7 APPPATH\Controllers\Home.php(13): App\Models\CarModel->getAvailableCars()
 8 SYSTEMPATH\CodeIgniter.php(941): App\Controllers\Home->index()
 9 SYSTEMPATH\CodeIgniter.php(502): CodeIgniter\CodeIgniter->runController(Object(App\Controllers\Home))
10 SYSTEMPATH\CodeIgniter.php(361): CodeIgniter\CodeIgniter->handleRequest(null, Object(Config\Cache), false)
11 FCPATH\index.php(79): CodeIgniter\CodeIgniter->run()
12 SYSTEMPATH\Commands\Server\rewrite.php(47): require_once('C:\\Users\\Administrator\\Documents\\CAR-RENTAL\\car-rental-ci\\public\\index.php')
CRITICAL - 2025-10-21 18:00:09 --> [Caused by] mysqli_sql_exception: Unknown column 'available' in 'where clause'
in SYSTEMPATH\Database\MySQLi\Connection.php on line 306.
 1 SYSTEMPATH\Database\MySQLi\Connection.php(306): mysqli->query('SELECT *
FROM `cars`
WHERE `available` = 1
ORDER BY `created_at` DESC', 0)
 2 SYSTEMPATH\Database\BaseConnection.php(693): CodeIgniter\Database\MySQLi\Connection->execute('SELECT *
FROM `cars`
WHERE `available` = 1
ORDER BY `created_at` DESC')
 3 SYSTEMPATH\Database\BaseConnection.php(607): CodeIgniter\Database\BaseConnection->simpleQuery('SELECT *
FROM `cars`
WHERE `available` = 1
ORDER BY `created_at` DESC')
 4 SYSTEMPATH\Database\BaseBuilder.php(1616): CodeIgniter\Database\BaseConnection->query('SELECT *
FROM `cars`
WHERE `available` = :available:
ORDER BY `created_at` DESC', [...], false)
 5 SYSTEMPATH\Model.php(242): CodeIgniter\Database\BaseBuilder->get()
 6 SYSTEMPATH\BaseModel.php(638): CodeIgniter\Model->doFindAll(0, 0)
 7 APPPATH\Models\CarModel.php(46): CodeIgniter\BaseModel->findAll()
 8 APPPATH\Controllers\Home.php(13): App\Models\CarModel->getAvailableCars()
 9 SYSTEMPATH\CodeIgniter.php(941): App\Controllers\Home->index()
10 SYSTEMPATH\CodeIgniter.php(502): CodeIgniter\CodeIgniter->runController(Object(App\Controllers\Home))
11 SYSTEMPATH\CodeIgniter.php(361): CodeIgniter\CodeIgniter->handleRequest(null, Object(Config\Cache), false)
12 FCPATH\index.php(79): CodeIgniter\CodeIgniter->run()
13 SYSTEMPATH\Commands\Server\rewrite.php(47): require_once('C:\\Users\\Administrator\\Documents\\CAR-RENTAL\\car-rental-ci\\public\\index.php')
INFO - 2025-10-21 18:01:53 --> Session: Class initialized using 'CodeIgniter\Session\Handlers\FileHandler' driver.
INFO - 2025-10-21 18:01:58 --> Session: Class initialized using 'CodeIgniter\Session\Handlers\FileHandler' driver.
INFO - 2025-10-21 18:02:12 --> Session: Class initialized using 'CodeIgniter\Session\Handlers\FileHandler' driver.
INFO - 2025-10-21 18:03:03 --> Session: Class initialized using 'CodeIgniter\Session\Handlers\FileHandler' driver.
INFO - 2025-10-21 18:03:31 --> Session: Class initialized using 'CodeIgniter\Session\Handlers\FileHandler' driver.
INFO - 2025-10-21 18:03:32 --> Session: Class initialized using 'CodeIgniter\Session\Handlers\FileHandler' driver.
INFO - 2025-10-21 18:03:41 --> Session: Class initialized using 'CodeIgniter\Session\Handlers\FileHandler' driver.
INFO - 2025-10-21 18:03:41 --> Session: Class initialized using 'CodeIgniter\Session\Handlers\FileHandler' driver.
CRITICAL - 2025-10-21 18:03:41 --> CodeIgniter\View\Exceptions\ViewException: Invalid file: "customer/dashboard.php"
in SYSTEMPATH\Exceptions\FrameworkException.php on line 39.
 1 SYSTEMPATH\View\View.php(216): CodeIgniter\Exceptions\FrameworkException::forInvalidFile('customer/dashboard.php')
 2 SYSTEMPATH\Common.php(1178): CodeIgniter\View\View->render('customer/dashboard', [], true)
 3 APPPATH\Controllers\Customer.php(39): view('customer/dashboard', [...])
 4 SYSTEMPATH\CodeIgniter.php(941): App\Controllers\Customer->index()
 5 SYSTEMPATH\CodeIgniter.php(502): CodeIgniter\CodeIgniter->runController(Object(App\Controllers\Customer))
 6 SYSTEMPATH\CodeIgniter.php(361): CodeIgniter\CodeIgniter->handleRequest(null, Object(Config\Cache), false)
 7 FCPATH\index.php(79): CodeIgniter\CodeIgniter->run()
 8 SYSTEMPATH\Commands\Server\rewrite.php(47): require_once('C:\\Users\\Administrator\\Documents\\CAR-RENTAL\\car-rental-ci\\public\\index.php')
INFO - 2025-10-21 18:05:56 --> Session: Class initialized using 'CodeIgniter\Session\Handlers\FileHandler' driver.
INFO - 2025-10-21 18:06:02 --> Session: Class initialized using 'CodeIgniter\Session\Handlers\FileHandler' driver.
INFO - 2025-10-21 18:06:03 --> Session: Class initialized using 'CodeIgniter\Session\Handlers\FileHandler' driver.
CRITICAL - 2025-10-21 18:06:03 --> CodeIgniter\View\Exceptions\ViewException: Invalid file: "customer/dashboard.php"
in SYSTEMPATH\Exceptions\FrameworkException.php on line 39.
 1 SYSTEMPATH\View\View.php(216): CodeIgniter\Exceptions\FrameworkException::forInvalidFile('customer/dashboard.php')
 2 SYSTEMPATH\Common.php(1178): CodeIgniter\View\View->render('customer/dashboard', [], true)
 3 APPPATH\Controllers\Customer.php(39): view('customer/dashboard', [...])
 4 SYSTEMPATH\CodeIgniter.php(941): App\Controllers\Customer->index()
 5 SYSTEMPATH\CodeIgniter.php(502): CodeIgniter\CodeIgniter->runController(Object(App\Controllers\Customer))
 6 SYSTEMPATH\CodeIgniter.php(361): CodeIgniter\CodeIgniter->handleRequest(null, Object(Config\Cache), false)
 7 FCPATH\index.php(79): CodeIgniter\CodeIgniter->run()
 8 SYSTEMPATH\Commands\Server\rewrite.php(47): require_once('C:\\Users\\Administrator\\Documents\\CAR-RENTAL\\car-rental-ci\\public\\index.php')
INFO - 2025-10-21 18:07:42 --> Session: Class initialized using 'CodeIgniter\Session\Handlers\FileHandler' driver.
INFO - 2025-10-21 18:07:42 --> Session: Class initialized using 'CodeIgniter\Session\Handlers\FileHandler' driver.
INFO - 2025-10-21 18:09:34 --> Session: Class initialized using 'CodeIgniter\Session\Handlers\FileHandler' driver.
INFO - 2025-10-21 18:09:54 --> Session: Class initialized using 'CodeIgniter\Session\Handlers\FileHandler' driver.
INFO - 2025-10-21 18:09:54 --> Session: Class initialized using 'CodeIgniter\Session\Handlers\FileHandler' driver.
CRITICAL - 2025-10-21 18:09:54 --> ErrorException: Undefined array key "model"
in APPPATH\Views\customer\dashboard.php on line 68.
 1 APPPATH\Views\customer\dashboard.php(68): CodeIgniter\Debug\Exceptions->errorHandler(2, 'Undefined array key "model"', 'C:\\Users\\Administrator\\Documents\\CAR-RENTAL\\car-rental-ci\\app\\Views\\customer\\dashboard.php', 68)
 2 SYSTEMPATH\View\View.php(228): include('C:\\Users\\Administrator\\Documents\\CAR-RENTAL\\car-rental-ci\\app\\Views\\customer\\dashboard.php')
 3 SYSTEMPATH\View\View.php(231): CodeIgniter\View\View->CodeIgniter\View\{closure}()
 4 SYSTEMPATH\Common.php(1178): CodeIgniter\View\View->render('customer/dashboard', [], true)
 5 APPPATH\Controllers\Customer.php(39): view('customer/dashboard', [...])
 6 SYSTEMPATH\CodeIgniter.php(941): App\Controllers\Customer->index()
 7 SYSTEMPATH\CodeIgniter.php(502): CodeIgniter\CodeIgniter->runController(Object(App\Controllers\Customer))
 8 SYSTEMPATH\CodeIgniter.php(361): CodeIgniter\CodeIgniter->handleRequest(null, Object(Config\Cache), false)
 9 FCPATH\index.php(79): CodeIgniter\CodeIgniter->run()
10 SYSTEMPATH\Commands\Server\rewrite.php(47): require_once('C:\\Users\\Administrator\\Documents\\CAR-RENTAL\\car-rental-ci\\public\\index.php')
INFO - 2025-10-21 18:11:07 --> Session: Class initialized using 'CodeIgniter\Session\Handlers\FileHandler' driver.
INFO - 2025-10-21 18:11:07 --> Session: Class initialized using 'CodeIgniter\Session\Handlers\FileHandler' driver.
INFO - 2025-10-21 18:13:12 --> Session: Class initialized using 'CodeIgniter\Session\Handlers\FileHandler' driver.
INFO - 2025-10-21 18:13:18 --> Session: Class initialized using 'CodeIgniter\Session\Handlers\FileHandler' driver.
INFO - 2025-10-21 18:13:18 --> Session: Class initialized using 'CodeIgniter\Session\Handlers\FileHandler' driver.
INFO - 2025-10-21 18:14:37 --> Session: Class initialized using 'CodeIgniter\Session\Handlers\FileHandler' driver.
INFO - 2025-10-21 18:14:41 --> Session: Class initialized using 'CodeIgniter\Session\Handlers\FileHandler' driver.
INFO - 2025-10-21 20:37:01 --> Session: Class initialized using 'CodeIgniter\Session\Handlers\FileHandler' driver.
INFO - 2025-10-21 20:37:09 --> Session: Class initialized using 'CodeIgniter\Session\Handlers\FileHandler' driver.
INFO - 2025-10-21 20:37:09 --> Session: Class initialized using 'CodeIgniter\Session\Handlers\FileHandler' driver.
INFO - 2025-10-21 23:00:10 --> Session: Class initialized using 'CodeIgniter\Session\Handlers\FileHandler' driver.
INFO - 2025-10-21 23:00:54 --> Session: Class initialized using 'CodeIgniter\Session\Handlers\FileHandler' driver.
INFO - 2025-10-21 23:01:01 --> Session: Class initialized using 'CodeIgniter\Session\Handlers\FileHandler' driver.
INFO - 2025-10-21 23:01:01 --> Session: Class initialized using 'CodeIgniter\Session\Handlers\FileHandler' driver.
INFO - 2025-10-21 23:01:09 --> Session: Class initialized using 'CodeIgniter\Session\Handlers\FileHandler' driver.
CRITICAL - 2025-10-21 23:01:09 --> CodeIgniter\View\Exceptions\ViewException: Invalid file: "customer/book_car.php"
in SYSTEMPATH\Exceptions\FrameworkException.php on line 39.
 1 SYSTEMPATH\View\View.php(216): CodeIgniter\Exceptions\FrameworkException::forInvalidFile('customer/book_car.php')
 2 SYSTEMPATH\Common.php(1178): CodeIgniter\View\View->render('customer/book_car', [], true)
 3 APPPATH\Controllers\Customer.php(66): view('customer/book_car', [...])
 4 SYSTEMPATH\CodeIgniter.php(941): App\Controllers\Customer->bookCar('1')
 5 SYSTEMPATH\CodeIgniter.php(502): CodeIgniter\CodeIgniter->runController(Object(App\Controllers\Customer))
 6 SYSTEMPATH\CodeIgniter.php(361): CodeIgniter\CodeIgniter->handleRequest(null, Object(Config\Cache), false)
 7 FCPATH\index.php(79): CodeIgniter\CodeIgniter->run()
 8 SYSTEMPATH\Commands\Server\rewrite.php(47): require_once('C:\\Users\\Administrator\\Documents\\CAR-RENTAL\\car-rental-ci\\public\\index.php')
INFO - 2025-10-21 23:03:29 --> Session: Class initialized using 'CodeIgniter\Session\Handlers\FileHandler' driver.
INFO - 2025-10-21 23:03:32 --> Session: Class initialized using 'CodeIgniter\Session\Handlers\FileHandler' driver.
INFO - 2025-10-21 23:06:28 --> Session: Class initialized using 'CodeIgniter\Session\Handlers\FileHandler' driver.
INFO - 2025-10-21 23:06:55 --> Session: Class initialized using 'CodeIgniter\Session\Handlers\FileHandler' driver.
ERROR - 2025-10-21 23:06:55 --> mysqli_sql_exception: Unknown column 'available' in 'field list' in C:\Users\Administrator\Documents\CAR-RENTAL\car-rental-ci\system\Database\MySQLi\Connection.php:306
Stack trace:
#0 C:\Users\Administrator\Documents\CAR-RENTAL\car-rental-ci\system\Database\MySQLi\Connection.php(306): mysqli->query('UPDATE `cars` S...', 0)
#1 C:\Users\Administrator\Documents\CAR-RENTAL\car-rental-ci\system\Database\BaseConnection.php(693): CodeIgniter\Database\MySQLi\Connection->execute('UPDATE `cars` S...')
#2 C:\Users\Administrator\Documents\CAR-RENTAL\car-rental-ci\system\Database\BaseConnection.php(607): CodeIgniter\Database\BaseConnection->simpleQuery('UPDATE `cars` S...')
#3 C:\Users\Administrator\Documents\CAR-RENTAL\car-rental-ci\system\Database\BaseBuilder.php(2474): CodeIgniter\Database\BaseConnection->query('UPDATE `cars` S...', Array, false)
#4 C:\Users\Administrator\Documents\CAR-RENTAL\car-rental-ci\system\Model.php(393): CodeIgniter\Database\BaseBuilder->update()
#5 C:\Users\Administrator\Documents\CAR-RENTAL\car-rental-ci\system\BaseModel.php(987): CodeIgniter\Model->doUpdate(Array, Array)
#6 C:\Users\Administrator\Documents\CAR-RENTAL\car-rental-ci\system\Model.php(807): CodeIgniter\BaseModel->update(Array, Array)
#7 C:\Users\Administrator\Documents\CAR-RENTAL\car-rental-ci\app\Controllers\Customer.php(106): CodeIgniter\Model->update('1', Array)
#8 C:\Users\Administrator\Documents\CAR-RENTAL\car-rental-ci\system\CodeIgniter.php(941): App\Controllers\Customer->createBooking()
#9 C:\Users\Administrator\Documents\CAR-RENTAL\car-rental-ci\system\CodeIgniter.php(502): CodeIgniter\CodeIgniter->runController(Object(App\Controllers\Customer))
#10 C:\Users\Administrator\Documents\CAR-RENTAL\car-rental-ci\system\CodeIgniter.php(361): CodeIgniter\CodeIgniter->handleRequest(NULL, Object(Config\Cache), false)
#11 C:\Users\Administrator\Documents\CAR-RENTAL\car-rental-ci\public\index.php(79): CodeIgniter\CodeIgniter->run()
#12 C:\Users\Administrator\Documents\CAR-RENTAL\car-rental-ci\system\Commands\Server\rewrite.php(47): require_once('C:\\Users\\Admini...')
#13 {main}
CRITICAL - 2025-10-21 23:06:55 --> CodeIgniter\Database\Exceptions\DatabaseException: Unknown column 'available' in 'field list'
in SYSTEMPATH\Database\BaseConnection.php on line 647.
 1 SYSTEMPATH\Database\BaseBuilder.php(2474): CodeIgniter\Database\BaseConnection->query('UPDATE `cars` SET `status` = :status:, `available` = :available:, `updated_at` = :updated_at:
WHERE `cars`.`id` IN :cars.id:', [...], false)
 2 SYSTEMPATH\Model.php(393): CodeIgniter\Database\BaseBuilder->update()
 3 SYSTEMPATH\BaseModel.php(987): CodeIgniter\Model->doUpdate([...], [...])
 4 SYSTEMPATH\Model.php(807): CodeIgniter\BaseModel->update([...], [...])
 5 APPPATH\Controllers\Customer.php(106): CodeIgniter\Model->update('1', [...])
 6 SYSTEMPATH\CodeIgniter.php(941): App\Controllers\Customer->createBooking()
 7 SYSTEMPATH\CodeIgniter.php(502): CodeIgniter\CodeIgniter->runController(Object(App\Controllers\Customer))
 8 SYSTEMPATH\CodeIgniter.php(361): CodeIgniter\CodeIgniter->handleRequest(null, Object(Config\Cache), false)
 9 FCPATH\index.php(79): CodeIgniter\CodeIgniter->run()
10 SYSTEMPATH\Commands\Server\rewrite.php(47): require_once('C:\\Users\\Administrator\\Documents\\CAR-RENTAL\\car-rental-ci\\public\\index.php')
CRITICAL - 2025-10-21 23:06:55 --> [Caused by] CodeIgniter\Database\Exceptions\DatabaseException: Unknown column 'available' in 'field list'
in SYSTEMPATH\Database\MySQLi\Connection.php on line 311.
 1 SYSTEMPATH\Database\BaseConnection.php(693): CodeIgniter\Database\MySQLi\Connection->execute('UPDATE `cars` SET `status` = \'reserved\', `available` = 0, `updated_at` = \'2025-10-21 23:06:55\'
WHERE `cars`.`id` IN (\'1\')')
 2 SYSTEMPATH\Database\BaseConnection.php(607): CodeIgniter\Database\BaseConnection->simpleQuery('UPDATE `cars` SET `status` = \'reserved\', `available` = 0, `updated_at` = \'2025-10-21 23:06:55\'
WHERE `cars`.`id` IN (\'1\')')
 3 SYSTEMPATH\Database\BaseBuilder.php(2474): CodeIgniter\Database\BaseConnection->query('UPDATE `cars` SET `status` = :status:, `available` = :available:, `updated_at` = :updated_at:
WHERE `cars`.`id` IN :cars.id:', [...], false)
 4 SYSTEMPATH\Model.php(393): CodeIgniter\Database\BaseBuilder->update()
 5 SYSTEMPATH\BaseModel.php(987): CodeIgniter\Model->doUpdate([...], [...])
 6 SYSTEMPATH\Model.php(807): CodeIgniter\BaseModel->update([...], [...])
 7 APPPATH\Controllers\Customer.php(106): CodeIgniter\Model->update('1', [...])
 8 SYSTEMPATH\CodeIgniter.php(941): App\Controllers\Customer->createBooking()
 9 SYSTEMPATH\CodeIgniter.php(502): CodeIgniter\CodeIgniter->runController(Object(App\Controllers\Customer))
10 SYSTEMPATH\CodeIgniter.php(361): CodeIgniter\CodeIgniter->handleRequest(null, Object(Config\Cache), false)
11 FCPATH\index.php(79): CodeIgniter\CodeIgniter->run()
12 SYSTEMPATH\Commands\Server\rewrite.php(47): require_once('C:\\Users\\Administrator\\Documents\\CAR-RENTAL\\car-rental-ci\\public\\index.php')
CRITICAL - 2025-10-21 23:06:55 --> [Caused by] mysqli_sql_exception: Unknown column 'available' in 'field list'
in SYSTEMPATH\Database\MySQLi\Connection.php on line 306.
 1 SYSTEMPATH\Database\MySQLi\Connection.php(306): mysqli->query('UPDATE `cars` SET `status` = \'reserved\', `available` = 0, `updated_at` = \'2025-10-21 23:06:55\'
WHERE `cars`.`id` IN (\'1\')', 0)
 2 SYSTEMPATH\Database\BaseConnection.php(693): CodeIgniter\Database\MySQLi\Connection->execute('UPDATE `cars` SET `status` = \'reserved\', `available` = 0, `updated_at` = \'2025-10-21 23:06:55\'
WHERE `cars`.`id` IN (\'1\')')
 3 SYSTEMPATH\Database\BaseConnection.php(607): CodeIgniter\Database\BaseConnection->simpleQuery('UPDATE `cars` SET `status` = \'reserved\', `available` = 0, `updated_at` = \'2025-10-21 23:06:55\'
WHERE `cars`.`id` IN (\'1\')')
 4 SYSTEMPATH\Database\BaseBuilder.php(2474): CodeIgniter\Database\BaseConnection->query('UPDATE `cars` SET `status` = :status:, `available` = :available:, `updated_at` = :updated_at:
WHERE `cars`.`id` IN :cars.id:', [...], false)
 5 SYSTEMPATH\Model.php(393): CodeIgniter\Database\BaseBuilder->update()
 6 SYSTEMPATH\BaseModel.php(987): CodeIgniter\Model->doUpdate([...], [...])
 7 SYSTEMPATH\Model.php(807): CodeIgniter\BaseModel->update([...], [...])
 8 APPPATH\Controllers\Customer.php(106): CodeIgniter\Model->update('1', [...])
 9 SYSTEMPATH\CodeIgniter.php(941): App\Controllers\Customer->createBooking()
10 SYSTEMPATH\CodeIgniter.php(502): CodeIgniter\CodeIgniter->runController(Object(App\Controllers\Customer))
11 SYSTEMPATH\CodeIgniter.php(361): CodeIgniter\CodeIgniter->handleRequest(null, Object(Config\Cache), false)
12 FCPATH\index.php(79): CodeIgniter\CodeIgniter->run()
13 SYSTEMPATH\Commands\Server\rewrite.php(47): require_once('C:\\Users\\Administrator\\Documents\\CAR-RENTAL\\car-rental-ci\\public\\index.php')
INFO - 2025-10-21 23:10:48 --> Session: Class initialized using 'CodeIgniter\Session\Handlers\FileHandler' driver.
INFO - 2025-10-21 23:10:51 --> Session: Class initialized using 'CodeIgniter\Session\Handlers\FileHandler' driver.
INFO - 2025-10-21 23:10:51 --> Session: Class initialized using 'CodeIgniter\Session\Handlers\FileHandler' driver.
INFO - 2025-10-21 23:11:02 --> Session: Class initialized using 'CodeIgniter\Session\Handlers\FileHandler' driver.
INFO - 2025-10-21 23:11:10 --> Session: Class initialized using 'CodeIgniter\Session\Handlers\FileHandler' driver.
CRITICAL - 2025-10-21 23:11:10 --> ErrorException: Undefined array key "from_date"
in APPPATH\Views\customer\bookings.php on line 73.
 1 APPPATH\Views\customer\bookings.php(73): CodeIgniter\Debug\Exceptions->errorHandler(2, 'Undefined array key "from_date"', 'C:\\Users\\Administrator\\Documents\\CAR-RENTAL\\car-rental-ci\\app\\Views\\customer\\bookings.php', 73)
 2 SYSTEMPATH\View\View.php(228): include('C:\\Users\\Administrator\\Documents\\CAR-RENTAL\\car-rental-ci\\app\\Views\\customer\\bookings.php')
 3 SYSTEMPATH\View\View.php(231): CodeIgniter\View\View->CodeIgniter\View\{closure}()
 4 SYSTEMPATH\Common.php(1178): CodeIgniter\View\View->render('customer/bookings', [], true)
 5 APPPATH\Controllers\Customer.php(132): view('customer/bookings', [...])
 6 SYSTEMPATH\CodeIgniter.php(941): App\Controllers\Customer->viewBookings()
 7 SYSTEMPATH\CodeIgniter.php(502): CodeIgniter\CodeIgniter->runController(Object(App\Controllers\Customer))
 8 SYSTEMPATH\CodeIgniter.php(361): CodeIgniter\CodeIgniter->handleRequest(null, Object(Config\Cache), false)
 9 FCPATH\index.php(79): CodeIgniter\CodeIgniter->run()
10 SYSTEMPATH\Commands\Server\rewrite.php(47): require_once('C:\\Users\\Administrator\\Documents\\CAR-RENTAL\\car-rental-ci\\public\\index.php')
INFO - 2025-10-21 23:11:13 --> Session: Class initialized using 'CodeIgniter\Session\Handlers\FileHandler' driver.
ERROR - 2025-10-21 23:46:12 --> Error connecting to the database: mysqli_sql_exception: No connection could be made because the target machine actively refused it in C:\Users\timaj\OneDrive\Documents\HiFi\CAR-RENTAL\car-rental-ci\system\Database\MySQLi\Connection.php:184
Stack trace:
#0 C:\Users\timaj\OneDrive\Documents\HiFi\CAR-RENTAL\car-rental-ci\system\Database\MySQLi\Connection.php(184): mysqli->real_connect('localhost', 'root', Object(SensitiveParameterValue), 'car_rental_db', 3306, '', 0)
#1 C:\Users\timaj\OneDrive\Documents\HiFi\CAR-RENTAL\car-rental-ci\system\Database\BaseConnection.php(392): CodeIgniter\Database\MySQLi\Connection->connect(false)
#2 C:\Users\timaj\OneDrive\Documents\HiFi\CAR-RENTAL\car-rental-ci\system\Database\BaseConnection.php(575): CodeIgniter\Database\BaseConnection->initialize()
#3 C:\Users\timaj\OneDrive\Documents\HiFi\CAR-RENTAL\car-rental-ci\system\Database\BaseBuilder.php(1616): CodeIgniter\Database\BaseConnection->query('SELECT *\nFROM `...', Array, false)
#4 C:\Users\timaj\OneDrive\Documents\HiFi\CAR-RENTAL\car-rental-ci\system\Model.php(270): CodeIgniter\Database\BaseBuilder->get()
#5 C:\Users\timaj\OneDrive\Documents\HiFi\CAR-RENTAL\car-rental-ci\system\BaseModel.php(676): CodeIgniter\Model->doFirst()
#6 C:\Users\timaj\OneDrive\Documents\HiFi\CAR-RENTAL\car-rental-ci\app\Models\UserModel.php(40): CodeIgniter\BaseModel->first()
#7 C:\Users\timaj\OneDrive\Documents\HiFi\CAR-RENTAL\car-rental-ci\app\Controllers\Auth.php(26): App\Models\UserModel->authenticate('pokie23@gmail.c...', '123456')
#8 C:\Users\timaj\OneDrive\Documents\HiFi\CAR-RENTAL\car-rental-ci\system\CodeIgniter.php(941): App\Controllers\Auth->authenticate()
#9 C:\Users\timaj\OneDrive\Documents\HiFi\CAR-RENTAL\car-rental-ci\system\CodeIgniter.php(502): CodeIgniter\CodeIgniter->runController(Object(App\Controllers\Auth))
#10 C:\Users\timaj\OneDrive\Documents\HiFi\CAR-RENTAL\car-rental-ci\system\CodeIgniter.php(361): CodeIgniter\CodeIgniter->handleRequest(NULL, Object(Config\Cache), false)
#11 C:\Users\timaj\OneDrive\Documents\HiFi\CAR-RENTAL\car-rental-ci\public\index.php(79): CodeIgniter\CodeIgniter->run()
#12 C:\Users\timaj\OneDrive\Documents\HiFi\CAR-RENTAL\car-rental-ci\system\Commands\Server\rewrite.php(47): require_once('C:\\Users\\timaj\\...')
#13 {main}

Next CodeIgniter\Database\Exceptions\DatabaseException: No connection could be made because the target machine actively refused it in C:\Users\timaj\OneDrive\Documents\HiFi\CAR-RENTAL\car-rental-ci\system\Database\MySQLi\Connection.php:229
Stack trace:
#0 C:\Users\timaj\OneDrive\Documents\HiFi\CAR-RENTAL\car-rental-ci\system\Database\BaseConnection.php(392): CodeIgniter\Database\MySQLi\Connection->connect(false)
#1 C:\Users\timaj\OneDrive\Documents\HiFi\CAR-RENTAL\car-rental-ci\system\Database\BaseConnection.php(575): CodeIgniter\Database\BaseConnection->initialize()
#2 C:\Users\timaj\OneDrive\Documents\HiFi\CAR-RENTAL\car-rental-ci\system\Database\BaseBuilder.php(1616): CodeIgniter\Database\BaseConnection->query('SELECT *\nFROM `...', Array, false)
#3 C:\Users\timaj\OneDrive\Documents\HiFi\CAR-RENTAL\car-rental-ci\system\Model.php(270): CodeIgniter\Database\BaseBuilder->get()
#4 C:\Users\timaj\OneDrive\Documents\HiFi\CAR-RENTAL\car-rental-ci\system\BaseModel.php(676): CodeIgniter\Model->doFirst()
#5 C:\Users\timaj\OneDrive\Documents\HiFi\CAR-RENTAL\car-rental-ci\app\Models\UserModel.php(40): CodeIgniter\BaseModel->first()
#6 C:\Users\timaj\OneDrive\Documents\HiFi\CAR-RENTAL\car-rental-ci\app\Controllers\Auth.php(26): App\Models\UserModel->authenticate('pokie23@gmail.c...', '123456')
#7 C:\Users\timaj\OneDrive\Documents\HiFi\CAR-RENTAL\car-rental-ci\system\CodeIgniter.php(941): App\Controllers\Auth->authenticate()
#8 C:\Users\timaj\OneDrive\Documents\HiFi\CAR-RENTAL\car-rental-ci\system\CodeIgniter.php(502): CodeIgniter\CodeIgniter->runController(Object(App\Controllers\Auth))
#9 C:\Users\timaj\OneDrive\Documents\HiFi\CAR-RENTAL\car-rental-ci\system\CodeIgniter.php(361): CodeIgniter\CodeIgniter->handleRequest(NULL, Object(Config\Cache), false)
#10 C:\Users\timaj\OneDrive\Documents\HiFi\CAR-RENTAL\car-rental-ci\public\index.php(79): CodeIgniter\CodeIgniter->run()
#11 C:\Users\timaj\OneDrive\Documents\HiFi\CAR-RENTAL\car-rental-ci\system\Commands\Server\rewrite.php(47): require_once('C:\\Users\\timaj\\...')
#12 {main}
CRITICAL - 2025-10-21 23:46:12 --> CodeIgniter\Database\Exceptions\DatabaseException: Unable to connect to the database.
Main connection [MySQLi]: No connection could be made because the target machine actively refused it
in SYSTEMPATH\Database\BaseConnection.php on line 428.
 1 SYSTEMPATH\Database\BaseConnection.php(575): CodeIgniter\Database\BaseConnection->initialize()
 2 SYSTEMPATH\Database\BaseBuilder.php(1616): CodeIgniter\Database\BaseConnection->query('SELECT *
FROM `users`
WHERE `email` = :email:
 LIMIT 1', [...], false)
 3 SYSTEMPATH\Model.php(270): CodeIgniter\Database\BaseBuilder->get()
 4 SYSTEMPATH\BaseModel.php(676): CodeIgniter\Model->doFirst()
 5 APPPATH\Models\UserModel.php(40): CodeIgniter\BaseModel->first()
 6 APPPATH\Controllers\Auth.php(26): App\Models\UserModel->authenticate('pokie23@gmail.com', '123456')
 7 SYSTEMPATH\CodeIgniter.php(941): App\Controllers\Auth->authenticate()
 8 SYSTEMPATH\CodeIgniter.php(502): CodeIgniter\CodeIgniter->runController(Object(App\Controllers\Auth))
 9 SYSTEMPATH\CodeIgniter.php(361): CodeIgniter\CodeIgniter->handleRequest(null, Object(Config\Cache), false)
10 FCPATH\index.php(79): CodeIgniter\CodeIgniter->run()
11 SYSTEMPATH\Commands\Server\rewrite.php(47): require_once('C:\\Users\\timaj\\OneDrive\\Documents\\HiFi\\CAR-RENTAL\\car-rental-ci\\public\\index.php')
ERROR - 2025-10-21 23:53:30 --> mysqli_sql_exception: Unknown column 'namespace' in 'where clause' in C:\Users\timaj\OneDrive\Documents\HiFi\CAR-RENTAL\car-rental-ci\system\Database\MySQLi\Connection.php:306
Stack trace:
#0 C:\Users\timaj\OneDrive\Documents\HiFi\CAR-RENTAL\car-rental-ci\system\Database\MySQLi\Connection.php(306): mysqli->query('SELECT *\nFROM `...', 0)
#1 C:\Users\timaj\OneDrive\Documents\HiFi\CAR-RENTAL\car-rental-ci\system\Database\BaseConnection.php(693): CodeIgniter\Database\MySQLi\Connection->execute('SELECT *\nFROM `...')
#2 C:\Users\timaj\OneDrive\Documents\HiFi\CAR-RENTAL\car-rental-ci\system\Database\BaseConnection.php(607): CodeIgniter\Database\BaseConnection->simpleQuery('SELECT *\nFROM `...')
#3 C:\Users\timaj\OneDrive\Documents\HiFi\CAR-RENTAL\car-rental-ci\system\Database\BaseBuilder.php(1616): CodeIgniter\Database\BaseConnection->query('SELECT *\nFROM `...', Array, false)
#4 C:\Users\timaj\OneDrive\Documents\HiFi\CAR-RENTAL\car-rental-ci\system\Database\MigrationRunner.php(651): CodeIgniter\Database\BaseBuilder->get()
#5 C:\Users\timaj\OneDrive\Documents\HiFi\CAR-RENTAL\car-rental-ci\system\Database\MigrationRunner.php(174): CodeIgniter\Database\MigrationRunner->getHistory('')
#6 C:\Users\timaj\OneDrive\Documents\HiFi\CAR-RENTAL\car-rental-ci\system\Commands\Database\Migrate.php(84): CodeIgniter\Database\MigrationRunner->latest(NULL)
#7 C:\Users\timaj\OneDrive\Documents\HiFi\CAR-RENTAL\car-rental-ci\system\CLI\Commands.php(65): CodeIgniter\Commands\Database\Migrate->run(Array)
#8 C:\Users\timaj\OneDrive\Documents\HiFi\CAR-RENTAL\car-rental-ci\system\CLI\Console.php(46): CodeIgniter\CLI\Commands->run('migrate', Array)
#9 C:\Users\timaj\OneDrive\Documents\HiFi\CAR-RENTAL\car-rental-ci\spark(102): CodeIgniter\CLI\Console->run()
#10 {main}
ERROR - 2025-10-21 23:53:39 --> mysqli_sql_exception: Can't create database 'car_rental_db'; database exists in C:\Users\timaj\OneDrive\Documents\HiFi\CAR-RENTAL\car-rental-ci\system\Database\MySQLi\Connection.php:306
Stack trace:
#0 C:\Users\timaj\OneDrive\Documents\HiFi\CAR-RENTAL\car-rental-ci\system\Database\MySQLi\Connection.php(306): mysqli->query('CREATE DATABASE...', 0)
#1 C:\Users\timaj\OneDrive\Documents\HiFi\CAR-RENTAL\car-rental-ci\system\Database\BaseConnection.php(693): CodeIgniter\Database\MySQLi\Connection->execute('CREATE DATABASE...')
#2 C:\Users\timaj\OneDrive\Documents\HiFi\CAR-RENTAL\car-rental-ci\system\Database\BaseConnection.php(607): CodeIgniter\Database\BaseConnection->simpleQuery('CREATE DATABASE...')
#3 C:\Users\timaj\OneDrive\Documents\HiFi\CAR-RENTAL\car-rental-ci\system\Database\Forge.php(230): CodeIgniter\Database\BaseConnection->query('CREATE DATABASE...')
#4 C:\Users\timaj\OneDrive\Documents\HiFi\CAR-RENTAL\car-rental-ci\system\Commands\Database\CreateDatabase.php(134): CodeIgniter\Database\Forge->createDatabase('car_rental_db')
#5 C:\Users\timaj\OneDrive\Documents\HiFi\CAR-RENTAL\car-rental-ci\system\CLI\Commands.php(65): CodeIgniter\Commands\Database\CreateDatabase->run(Array)
#6 C:\Users\timaj\OneDrive\Documents\HiFi\CAR-RENTAL\car-rental-ci\system\CLI\Console.php(46): CodeIgniter\CLI\Commands->run('db:create', Array)
#7 C:\Users\timaj\OneDrive\Documents\HiFi\CAR-RENTAL\car-rental-ci\spark(102): CodeIgniter\CLI\Console->run()
#8 {main}
ERROR - 2025-10-21 23:53:48 --> mysqli_sql_exception: Unknown column 'namespace' in 'where clause' in C:\Users\timaj\OneDrive\Documents\HiFi\CAR-RENTAL\car-rental-ci\system\Database\MySQLi\Connection.php:306
Stack trace:
#0 C:\Users\timaj\OneDrive\Documents\HiFi\CAR-RENTAL\car-rental-ci\system\Database\MySQLi\Connection.php(306): mysqli->query('SELECT *\nFROM `...', 0)
#1 C:\Users\timaj\OneDrive\Documents\HiFi\CAR-RENTAL\car-rental-ci\system\Database\BaseConnection.php(693): CodeIgniter\Database\MySQLi\Connection->execute('SELECT *\nFROM `...')
#2 C:\Users\timaj\OneDrive\Documents\HiFi\CAR-RENTAL\car-rental-ci\system\Database\BaseConnection.php(607): CodeIgniter\Database\BaseConnection->simpleQuery('SELECT *\nFROM `...')
#3 C:\Users\timaj\OneDrive\Documents\HiFi\CAR-RENTAL\car-rental-ci\system\Database\BaseBuilder.php(1616): CodeIgniter\Database\BaseConnection->query('SELECT *\nFROM `...', Array, false)
#4 C:\Users\timaj\OneDrive\Documents\HiFi\CAR-RENTAL\car-rental-ci\system\Database\MigrationRunner.php(651): CodeIgniter\Database\BaseBuilder->get()
#5 C:\Users\timaj\OneDrive\Documents\HiFi\CAR-RENTAL\car-rental-ci\system\Commands\Database\MigrateStatus.php(114): CodeIgniter\Database\MigrationRunner->getHistory('')
#6 C:\Users\timaj\OneDrive\Documents\HiFi\CAR-RENTAL\car-rental-ci\system\CLI\Commands.php(65): CodeIgniter\Commands\Database\MigrateStatus->run(Array)
#7 C:\Users\timaj\OneDrive\Documents\HiFi\CAR-RENTAL\car-rental-ci\system\CLI\Console.php(46): CodeIgniter\CLI\Commands->run('migrate:status', Array)
#8 C:\Users\timaj\OneDrive\Documents\HiFi\CAR-RENTAL\car-rental-ci\spark(102): CodeIgniter\CLI\Console->run()
#9 {main}
CRITICAL - 2025-10-21 23:53:48 --> CodeIgniter\Database\Exceptions\DatabaseException: Unknown column 'namespace' in 'where clause'
in SYSTEMPATH\Database\BaseConnection.php on line 647.
 1 SYSTEMPATH\Database\BaseBuilder.php(1616): CodeIgniter\Database\BaseConnection->query('SELECT *
FROM `migrations`
WHERE `namespace` = :namespace:
ORDER BY `id` ASC', [...], false)
 2 SYSTEMPATH\Database\MigrationRunner.php(651): CodeIgniter\Database\BaseBuilder->get()
 3 SYSTEMPATH\Commands\Database\MigrateStatus.php(114): CodeIgniter\Database\MigrationRunner->getHistory('')
 4 SYSTEMPATH\CLI\Commands.php(65): CodeIgniter\Commands\Database\MigrateStatus->run([])
 5 SYSTEMPATH\CLI\Console.php(46): CodeIgniter\CLI\Commands->run('migrate:status', [])
 6 ROOTPATH\spark(102): CodeIgniter\CLI\Console->run()
CRITICAL - 2025-10-21 23:53:48 --> [Caused by] CodeIgniter\Database\Exceptions\DatabaseException: Unknown column 'namespace' in 'where clause'
in SYSTEMPATH\Database\MySQLi\Connection.php on line 311.
 1 SYSTEMPATH\Database\BaseConnection.php(693): CodeIgniter\Database\MySQLi\Connection->execute('SELECT *
FROM `migrations`
WHERE `namespace` = \'App\'
ORDER BY `id` ASC')
 2 SYSTEMPATH\Database\BaseConnection.php(607): CodeIgniter\Database\BaseConnection->simpleQuery('SELECT *
FROM `migrations`
WHERE `namespace` = \'App\'
ORDER BY `id` ASC')
 3 SYSTEMPATH\Database\BaseBuilder.php(1616): CodeIgniter\Database\BaseConnection->query('SELECT *
FROM `migrations`
WHERE `namespace` = :namespace:
ORDER BY `id` ASC', [...], false)
 4 SYSTEMPATH\Database\MigrationRunner.php(651): CodeIgniter\Database\BaseBuilder->get()
 5 SYSTEMPATH\Commands\Database\MigrateStatus.php(114): CodeIgniter\Database\MigrationRunner->getHistory('')
 6 SYSTEMPATH\CLI\Commands.php(65): CodeIgniter\Commands\Database\MigrateStatus->run([])
 7 SYSTEMPATH\CLI\Console.php(46): CodeIgniter\CLI\Commands->run('migrate:status', [])
 8 ROOTPATH\spark(102): CodeIgniter\CLI\Console->run()
CRITICAL - 2025-10-21 23:53:48 --> [Caused by] mysqli_sql_exception: Unknown column 'namespace' in 'where clause'
in SYSTEMPATH\Database\MySQLi\Connection.php on line 306.
 1 SYSTEMPATH\Database\MySQLi\Connection.php(306): mysqli->query('SELECT *
FROM `migrations`
WHERE `namespace` = \'App\'
ORDER BY `id` ASC', 0)
 2 SYSTEMPATH\Database\BaseConnection.php(693): CodeIgniter\Database\MySQLi\Connection->execute('SELECT *
FROM `migrations`
WHERE `namespace` = \'App\'
ORDER BY `id` ASC')
 3 SYSTEMPATH\Database\BaseConnection.php(607): CodeIgniter\Database\BaseConnection->simpleQuery('SELECT *
FROM `migrations`
WHERE `namespace` = \'App\'
ORDER BY `id` ASC')
 4 SYSTEMPATH\Database\BaseBuilder.php(1616): CodeIgniter\Database\BaseConnection->query('SELECT *
FROM `migrations`
WHERE `namespace` = :namespace:
ORDER BY `id` ASC', [...], false)
 5 SYSTEMPATH\Database\MigrationRunner.php(651): CodeIgniter\Database\BaseBuilder->get()
 6 SYSTEMPATH\Commands\Database\MigrateStatus.php(114): CodeIgniter\Database\MigrationRunner->getHistory('')
 7 SYSTEMPATH\CLI\Commands.php(65): CodeIgniter\Commands\Database\MigrateStatus->run([])
 8 SYSTEMPATH\CLI\Console.php(46): CodeIgniter\CLI\Commands->run('migrate:status', [])
 9 ROOTPATH\spark(102): CodeIgniter\CLI\Console->run()
